mode: set
D:\Practice-SWE\Golang\basic\unit-test-1\calculator\calculator.go:7.33,9.2 1 1
D:\Practice-SWE\Golang\basic\unit-test-1\calculator\calculator.go:11.34,13.2 1 1
D:\Practice-SWE\Golang\basic\unit-test-1\calculator\calculator.go:15.37,17.2 1 1
D:\Practice-SWE\Golang\basic\unit-test-1\calculator\calculator.go:19.44,20.10 1 1
D:\Practice-SWE\Golang\basic\unit-test-1\calculator\calculator.go:23.2,23.17 1 1
D:\Practice-SWE\Golang\basic\unit-test-1\calculator\calculator.go:20.10,22.3 1 1
D:\Practice-SWE\Golang\basic\unit-test-1\calculator\calculator.go:26.29,27.12 1 1
D:\Practice-SWE\Golang\basic\unit-test-1\calculator\calculator.go:31.2,31.27 1 1
D:\Practice-SWE\Golang\basic\unit-test-1\calculator\calculator.go:27.12,29.3 1 1
